<?xml version="1.0" encoding="UTF-8"?>
<!-- Generated by org.testng.reporters.JUnitReportReporter -->
<testsuite hostname="DESKTOP-ADVMO1O" failures="0" tests="1" name="com.newtours.test.SearchTest" time="9.962" errors="0" timestamp="14 Jun 2021 06:07:04 GMT" skipped="0">
  <testcase classname="com.newtours.test.SearchTest" name="search" time="9.962"/>
</testsuite> <!-- com.newtours.test.SearchTest -->
