<?xml version="1.0" encoding="UTF-8"?>
<!-- Generated by org.testng.reporters.JUnitReportReporter -->
<testsuite hostname="DESKTOP-ADVMO1O" failures="0" tests="1" name="searchModule.SearchTest" time="7.679" errors="0" timestamp="26 Jun 2021 16:16:44 GMT" skipped="0">
  <testcase classname="searchModule.SearchTest" name="search" time="7.679"/>
</testsuite> <!-- searchModule.SearchTest -->
